[INFO] Scanning for projects...
[INFO] 
[INFO] -------------------------< com.cefet:godziny >--------------------------
[INFO] Building godziny 0.0.1-SNAPSHOT
[INFO]   from pom.xml
[INFO] --------------------------------[ jar ]---------------------------------
[INFO] 
[INFO] --- clean:3.3.2:clean (default-clean) @ godziny ---
[INFO] Deleting C:\Users\mathe\OneDrive\Desktop\ESTUDOS\Engenharia de Software\godziny\Godziny_APP\app-godziny-backend\godziny\target
[INFO] 
[INFO] --- resources:3.3.1:resources (default-resources) @ godziny ---
[INFO] Copying 1 resource from src\main\resources to target\classes
[INFO] Copying 0 resource from src\main\resources to target\classes
[INFO] 
[INFO] --- compiler:3.11.0:compile (default-compile) @ godziny ---
[INFO] Changes detected - recompiling the module! :source
[INFO] Compiling 109 source files with javac [debug release 17] to target\classes
[WARNING] unknown enum constant javax.annotation.meta.When.MAYBE
  reason: class file for javax.annotation.meta.When not found
[WARNING] unknown enum constant javax.annotation.meta.When.MAYBE
[WARNING] unknown enum constant javax.annotation.meta.When.MAYBE
  reason: class file for javax.annotation.meta.When not found
[WARNING] unknown enum constant javax.annotation.meta.When.MAYBE
[WARNING] unknown enum constant javax.annotation.meta.When.MAYBE
  reason: class file for javax.annotation.meta.When not found
[WARNING] unknown enum constant javax.annotation.meta.When.MAYBE
[WARNING] unknown enum constant javax.annotation.meta.When.MAYBE
  reason: class file for javax.annotation.meta.When not found
[WARNING] unknown enum constant javax.annotation.meta.When.MAYBE
[WARNING] unknown enum constant javax.annotation.meta.When.MAYBE
  reason: class file for javax.annotation.meta.When not found
[WARNING] unknown enum constant javax.annotation.meta.When.MAYBE
[INFO] 
[INFO] --- resources:3.3.1:testResources (default-testResources) @ godziny ---
[INFO] skip non existing resourceDirectory C:\Users\mathe\OneDrive\Desktop\ESTUDOS\Engenharia de Software\godziny\Godziny_APP\app-godziny-backend\godziny\src\test\resources
[INFO] 
[INFO] --- compiler:3.11.0:testCompile (default-testCompile) @ godziny ---
[INFO] Changes detected - recompiling the module! :dependency
[INFO] Compiling 31 source files with javac [debug release 17] to target\test-classes
[INFO] 
[INFO] --- surefire:3.1.2:test (default-test) @ godziny ---
[INFO] Using auto detected provider org.apache.maven.surefire.junitplatform.JUnitPlatformProvider
[INFO] 
[INFO] -------------------------------------------------------
[INFO]  T E S T S
[INFO] -------------------------------------------------------
[INFO] Running com.cefet.godziny.AppConfigTest
10:45:29.447 [main] INFO org.springframework.test.context.support.AnnotationConfigContextLoaderUtils -- Could not detect default configuration classes for test class [com.cefet.godziny.AppConfigTest]: AppConfigTest does not declare any static, non-private, non-final, nested classes annotated with @Configuration.
10:45:29.574 [main] INFO org.springframework.boot.test.context.SpringBootTestContextBootstrapper -- Found @SpringBootConfiguration com.cefet.godziny.GodzinyApplication for test class com.cefet.godziny.AppConfigTest
10:45:29.763 [main] INFO org.springframework.boot.devtools.restart.RestartApplicationListener -- Restart disabled due to context in which it is running

  .   ____          _            __ _ _
 /\\ / ___'_ __ _ _(_)_ __  __ _ \ \ \ \
( ( )\___ | '_ | '_| | '_ \/ _` | \ \ \ \
 \\/  ___)| |_)| | | | | || (_| |  ) ) ) )
  '  |____| .__|_| |_|_| |_\__, | / / / /
 =========|_|==============|___/=/_/_/_/
 :: Spring Boot ::                (v3.2.5)

2024-08-27T10:45:29.992-03:00  INFO 18460 --- [godziny] [           main] com.cefet.godziny.AppConfigTest          : Starting AppConfigTest using Java 17.0.11 with PID 18460 (started by mathe in C:\Users\mathe\OneDrive\Desktop\ESTUDOS\Engenharia de Software\godziny\Godziny_APP\app-godziny-backend\godziny)
2024-08-27T10:45:29.992-03:00  INFO 18460 --- [godziny] [           main] com.cefet.godziny.AppConfigTest          : The following 1 profile is active: "test"
2024-08-27T10:45:31.191-03:00  INFO 18460 --- [godziny] [           main] .s.d.r.c.RepositoryConfigurationDelegate : Bootstrapping Spring Data JPA repositories in DEFAULT mode.
2024-08-27T10:45:31.286-03:00  INFO 18460 --- [godziny] [           main] .s.d.r.c.RepositoryConfigurationDelegate : Finished Spring Data repository scanning in 91 ms. Found 5 JPA repository interfaces.
2024-08-27T10:45:31.872-03:00  INFO 18460 --- [godziny] [           main] o.hibernate.jpa.internal.util.LogHelper  : HHH000204: Processing PersistenceUnitInfo [name: default]
2024-08-27T10:45:31.941-03:00  INFO 18460 --- [godziny] [           main] org.hibernate.Version                    : HHH000412: Hibernate ORM core version 6.4.4.Final
2024-08-27T10:45:32.006-03:00  INFO 18460 --- [godziny] [           main] o.h.c.internal.RegionFactoryInitiator    : HHH000026: Second-level cache disabled
2024-08-27T10:45:32.291-03:00  INFO 18460 --- [godziny] [           main] o.s.o.j.p.SpringPersistenceUnitInfo      : No LoadTimeWeaver setup: ignoring JPA class transformer
2024-08-27T10:45:32.311-03:00  INFO 18460 --- [godziny] [           main] com.zaxxer.hikari.HikariDataSource       : HikariPool-1 - Starting...
2024-08-27T10:45:32.481-03:00  INFO 18460 --- [godziny] [           main] com.zaxxer.hikari.pool.HikariPool        : HikariPool-1 - Added connection org.postgresql.jdbc.PgConnection@3982206a
2024-08-27T10:45:32.491-03:00  INFO 18460 --- [godziny] [           main] com.zaxxer.hikari.HikariDataSource       : HikariPool-1 - Start completed.
2024-08-27T10:45:33.521-03:00  INFO 18460 --- [godziny] [           main] o.h.e.t.j.p.i.JtaPlatformInitiator       : HHH000489: No JTA platform available (set 'hibernate.transaction.jta.platform' to enable JTA platform integration)
2024-08-27T10:45:33.601-03:00  INFO 18460 --- [godziny] [           main] j.LocalContainerEntityManagerFactoryBean : Initialized JPA EntityManagerFactory for persistence unit 'default'
2024-08-27T10:45:34.117-03:00  INFO 18460 --- [godziny] [           main] o.s.d.j.r.query.QueryEnhancerFactory     : Hibernate is in classpath; If applicable, HQL parser will be used.
2024-08-27T10:45:35.191-03:00  INFO 18460 --- [godziny] [           main] o.s.s.web.DefaultSecurityFilterChain     : Will secure any request with [org.springframework.security.web.session.DisableEncodeUrlFilter@797a5b31, org.springframework.security.web.context.request.async.WebAsyncManagerIntegrationFilter@13d7d1a8, org.springframework.security.web.context.SecurityContextHolderFilter@4b48be5c, org.springframework.security.web.header.HeaderWriterFilter@2603a76d, org.springframework.web.filter.CorsFilter@60035f1e, org.springframework.security.web.authentication.logout.LogoutFilter@1dc47df3, com.cefet.godziny.infraestrutura.authentication.JwtAuthenticationFilter@4e312811, org.springframework.security.web.savedrequest.RequestCacheAwareFilter@36573ec5, org.springframework.security.web.servletapi.SecurityContextHolderAwareRequestFilter@10c26161, org.springframework.security.web.authentication.AnonymousAuthenticationFilter@5827908c, org.springframework.security.web.session.SessionManagementFilter@6ba3eee9, org.springframework.security.web.access.ExceptionTranslationFilter@6abd88fe, org.springframework.security.web.access.intercept.AuthorizationFilter@6dd0e2f4]
2024-08-27T10:45:35.633-03:00  INFO 18460 --- [godziny] [           main] com.cefet.godziny.AppConfigTest          : Started AppConfigTest in 5.891 seconds (process running for 6.999)
Java HotSpot(TM) 64-Bit Server VM warning: Sharing is only supported for boot loader classes because bootstrap classpath has been appended
[INFO] Tests run: 1, Failures: 0, Errors: 0, Skipped: 0, Time elapsed: 7.421 s -- in com.cefet.godziny.AppConfigTest
[INFO] Running com.cefet.godziny.domain.casouso.atividade.arquivo.CriarArquivoCasoUsoTest
2024-08-27T10:45:36.648-03:00  INFO 18460 --- [godziny] [           main] t.c.s.AnnotationConfigContextLoaderUtils : Could not detect default configuration classes for test class [com.cefet.godziny.domain.casouso.atividade.arquivo.CriarArquivoCasoUsoTest]: CriarArquivoCasoUsoTest does not declare any static, non-private, non-final, nested classes annotated with @Configuration.
2024-08-27T10:45:36.733-03:00  INFO 18460 --- [godziny] [           main] .b.t.c.SpringBootTestContextBootstrapper : Found @SpringBootConfiguration com.cefet.godziny.GodzinyApplication for test class com.cefet.godziny.domain.casouso.atividade.arquivo.CriarArquivoCasoUsoTest
2024-08-27T10:45:36.743-03:00  INFO 18460 --- [godziny] [           main] o.s.b.d.r.RestartApplicationListener     : Restart disabled due to context in which it is running

  .   ____          _            __ _ _
 /\\ / ___'_ __ _ _(_)_ __  __ _ \ \ \ \
( ( )\___ | '_ | '_| | '_ \/ _` | \ \ \ \
 \\/  ___)| |_)| | | | | || (_| |  ) ) ) )
  '  |____| .__|_| |_|_| |_\__, | / / / /
 =========|_|==============|___/=/_/_/_/
 :: Spring Boot ::                (v3.2.5)

2024-08-27T10:45:36.793-03:00  INFO 18460 --- [godziny] [           main] c.c.g.d.c.a.a.CriarArquivoCasoUsoTest    : Starting CriarArquivoCasoUsoTest using Java 17.0.11 with PID 18460 (started by mathe in C:\Users\mathe\OneDrive\Desktop\ESTUDOS\Engenharia de Software\godziny\Godziny_APP\app-godziny-backend\godziny)
2024-08-27T10:45:36.793-03:00  INFO 18460 --- [godziny] [           main] c.c.g.d.c.a.a.CriarArquivoCasoUsoTest    : The following 1 profile is active: "test"
2024-08-27T10:45:37.211-03:00  INFO 18460 --- [godziny] [           main] .s.d.r.c.RepositoryConfigurationDelegate : Bootstrapping Spring Data JPA repositories in DEFAULT mode.
2024-08-27T10:45:37.254-03:00  INFO 18460 --- [godziny] [           main] .s.d.r.c.RepositoryConfigurationDelegate : Finished Spring Data repository scanning in 40 ms. Found 5 JPA repository interfaces.
2024-08-27T10:45:37.421-03:00  INFO 18460 --- [godziny] [           main] o.hibernate.jpa.internal.util.LogHelper  : HHH000204: Processing PersistenceUnitInfo [name: default]
2024-08-27T10:45:37.431-03:00  INFO 18460 --- [godziny] [           main] o.h.c.internal.RegionFactoryInitiator    : HHH000026: Second-level cache disabled
2024-08-27T10:45:37.434-03:00  INFO 18460 --- [godziny] [           main] o.s.o.j.p.SpringPersistenceUnitInfo      : No LoadTimeWeaver setup: ignoring JPA class transformer
2024-08-27T10:45:37.434-03:00  INFO 18460 --- [godziny] [           main] com.zaxxer.hikari.HikariDataSource       : HikariPool-2 - Starting...
2024-08-27T10:45:37.603-03:00  INFO 18460 --- [godziny] [           main] com.zaxxer.hikari.pool.HikariPool        : HikariPool-2 - Added connection org.postgresql.jdbc.PgConnection@73ff16a1
2024-08-27T10:45:37.603-03:00  INFO 18460 --- [godziny] [           main] com.zaxxer.hikari.HikariDataSource       : HikariPool-2 - Start completed.
2024-08-27T10:45:37.801-03:00  INFO 18460 --- [godziny] [           main] o.h.e.t.j.p.i.JtaPlatformInitiator       : HHH000489: No JTA platform available (set 'hibernate.transaction.jta.platform' to enable JTA platform integration)
2024-08-27T10:45:37.921-03:00  INFO 18460 --- [godziny] [           main] j.LocalContainerEntityManagerFactoryBean : Initialized JPA EntityManagerFactory for persistence unit 'default'
2024-08-27T10:45:38.435-03:00  INFO 18460 --- [godziny] [           main] o.s.s.web.DefaultSecurityFilterChain     : Will secure any request with [org.springframework.security.web.session.DisableEncodeUrlFilter@5a3783e4, org.springframework.security.web.context.request.async.WebAsyncManagerIntegrationFilter@53bf7b33, org.springframework.security.web.context.SecurityContextHolderFilter@13e4a4a0, org.springframework.security.web.header.HeaderWriterFilter@604125bd, org.springframework.web.filter.CorsFilter@39d06cd9, org.springframework.security.web.authentication.logout.LogoutFilter@1ad27a73, com.cefet.godziny.infraestrutura.authentication.JwtAuthenticationFilter@50798d39, org.springframework.security.web.savedrequest.RequestCacheAwareFilter@59f41bcf, org.springframework.security.web.servletapi.SecurityContextHolderAwareRequestFilter@30f1a181, org.springframework.security.web.authentication.AnonymousAuthenticationFilter@6c82ecbe, org.springframework.security.web.session.SessionManagementFilter@39a4bd89, org.springframework.security.web.access.ExceptionTranslationFilter@64e5d7e4, org.springframework.security.web.access.intercept.AuthorizationFilter@5e4168dd]
2024-08-27T10:45:38.647-03:00  INFO 18460 --- [godziny] [           main] c.c.g.d.c.a.a.CriarArquivoCasoUsoTest    : Started CriarArquivoCasoUsoTest in 1.904 seconds (process running for 10.012)
[INFO] Tests run: 4, Failures: 0, Errors: 0, Skipped: 0, Time elapsed: 2.130 s -- in com.cefet.godziny.domain.casouso.atividade.arquivo.CriarArquivoCasoUsoTest
[INFO] Running com.cefet.godziny.domain.casouso.atividade.AtualizarAtividadeCasoUsoTest
2024-08-27T10:45:38.785-03:00  INFO 18460 --- [godziny] [           main] t.c.s.AnnotationConfigContextLoaderUtils : Could not detect default configuration classes for test class [com.cefet.godziny.domain.casouso.atividade.AtualizarAtividadeCasoUsoTest]: AtualizarAtividadeCasoUsoTest does not declare any static, non-private, non-final, nested classes annotated with @Configuration.
2024-08-27T10:45:38.822-03:00  INFO 18460 --- [godziny] [           main] .b.t.c.SpringBootTestContextBootstrapper : Found @SpringBootConfiguration com.cefet.godziny.GodzinyApplication for test class com.cefet.godziny.domain.casouso.atividade.AtualizarAtividadeCasoUsoTest
[INFO] Tests run: 10, Failures: 0, Errors: 0, Skipped: 0, Time elapsed: 0.238 s -- in com.cefet.godziny.domain.casouso.atividade.AtualizarAtividadeCasoUsoTest
[INFO] Running com.cefet.godziny.domain.casouso.atividade.CriarAtividadeCasoUsoTest
2024-08-27T10:45:39.031-03:00  INFO 18460 --- [godziny] [           main] t.c.s.AnnotationConfigContextLoaderUtils : Could not detect default configuration classes for test class [com.cefet.godziny.domain.casouso.atividade.CriarAtividadeCasoUsoTest]: CriarAtividadeCasoUsoTest does not declare any static, non-private, non-final, nested classes annotated with @Configuration.
2024-08-27T10:45:39.031-03:00  INFO 18460 --- [godziny] [           main] .b.t.c.SpringBootTestContextBootstrapper : Found @SpringBootConfiguration com.cefet.godziny.GodzinyApplication for test class com.cefet.godziny.domain.casouso.atividade.CriarAtividadeCasoUsoTest
[INFO] Tests run: 4, Failures: 0, Errors: 0, Skipped: 0, Time elapsed: 0.049 s -- in com.cefet.godziny.domain.casouso.atividade.CriarAtividadeCasoUsoTest
[INFO] Running com.cefet.godziny.domain.casouso.atividade.RemoverAtividadeCasoUsoTest
2024-08-27T10:45:39.072-03:00  INFO 18460 --- [godziny] [           main] t.c.s.AnnotationConfigContextLoaderUtils : Could not detect default configuration classes for test class [com.cefet.godziny.domain.casouso.atividade.RemoverAtividadeCasoUsoTest]: RemoverAtividadeCasoUsoTest does not declare any static, non-private, non-final, nested classes annotated with @Configuration.
2024-08-27T10:45:39.072-03:00  INFO 18460 --- [godziny] [           main] .b.t.c.SpringBootTestContextBootstrapper : Found @SpringBootConfiguration com.cefet.godziny.GodzinyApplication for test class com.cefet.godziny.domain.casouso.atividade.RemoverAtividadeCasoUsoTest
[INFO] Tests run: 2, Failures: 0, Errors: 0, Skipped: 0, Time elapsed: 0.089 s -- in com.cefet.godziny.domain.casouso.atividade.RemoverAtividadeCasoUsoTest
[INFO] Running com.cefet.godziny.domain.casouso.categoria.AtualizarCategoriaCasoUsoTest
2024-08-27T10:45:39.171-03:00  INFO 18460 --- [godziny] [           main] t.c.s.AnnotationConfigContextLoaderUtils : Could not detect default configuration classes for test class [com.cefet.godziny.domain.casouso.categoria.AtualizarCategoriaCasoUsoTest]: AtualizarCategoriaCasoUsoTest does not declare any static, non-private, non-final, nested classes annotated with @Configuration.
2024-08-27T10:45:39.191-03:00  INFO 18460 --- [godziny] [           main] .b.t.c.SpringBootTestContextBootstrapper : Found @SpringBootConfiguration com.cefet.godziny.GodzinyApplication for test class com.cefet.godziny.domain.casouso.categoria.AtualizarCategoriaCasoUsoTest
[INFO] Tests run: 13, Failures: 0, Errors: 0, Skipped: 0, Time elapsed: 0.157 s -- in com.cefet.godziny.domain.casouso.categoria.AtualizarCategoriaCasoUsoTest
[INFO] Running com.cefet.godziny.domain.casouso.categoria.CriarCategoriaCasoUsoTest
2024-08-27T10:45:39.331-03:00  INFO 18460 --- [godziny] [           main] t.c.s.AnnotationConfigContextLoaderUtils : Could not detect default configuration classes for test class [com.cefet.godziny.domain.casouso.categoria.CriarCategoriaCasoUsoTest]: CriarCategoriaCasoUsoTest does not declare any static, non-private, non-final, nested classes annotated with @Configuration.
2024-08-27T10:45:39.331-03:00  INFO 18460 --- [godziny] [           main] .b.t.c.SpringBootTestContextBootstrapper : Found @SpringBootConfiguration com.cefet.godziny.GodzinyApplication for test class com.cefet.godziny.domain.casouso.categoria.CriarCategoriaCasoUsoTest
[INFO] Tests run: 12, Failures: 0, Errors: 0, Skipped: 0, Time elapsed: 0.076 s -- in com.cefet.godziny.domain.casouso.categoria.CriarCategoriaCasoUsoTest
[INFO] Running com.cefet.godziny.domain.casouso.categoria.RemoverCategoriaCasoUsoTest
2024-08-27T10:45:39.402-03:00  INFO 18460 --- [godziny] [           main] t.c.s.AnnotationConfigContextLoaderUtils : Could not detect default configuration classes for test class [com.cefet.godziny.domain.casouso.categoria.RemoverCategoriaCasoUsoTest]: RemoverCategoriaCasoUsoTest does not declare any static, non-private, non-final, nested classes annotated with @Configuration.
2024-08-27T10:45:39.411-03:00  INFO 18460 --- [godziny] [           main] .b.t.c.SpringBootTestContextBootstrapper : Found @SpringBootConfiguration com.cefet.godziny.GodzinyApplication for test class com.cefet.godziny.domain.casouso.categoria.RemoverCategoriaCasoUsoTest
[INFO] Tests run: 2, Failures: 0, Errors: 0, Skipped: 0, Time elapsed: 0.063 s -- in com.cefet.godziny.domain.casouso.categoria.RemoverCategoriaCasoUsoTest
[INFO] Running com.cefet.godziny.domain.casouso.curso.AtualizarCursoCasoUsoTest
2024-08-27T10:45:39.477-03:00  INFO 18460 --- [godziny] [           main] t.c.s.AnnotationConfigContextLoaderUtils : Could not detect default configuration classes for test class [com.cefet.godziny.domain.casouso.curso.AtualizarCursoCasoUsoTest]: AtualizarCursoCasoUsoTest does not declare any static, non-private, non-final, nested classes annotated with @Configuration.
2024-08-27T10:45:39.497-03:00  INFO 18460 --- [godziny] [           main] .b.t.c.SpringBootTestContextBootstrapper : Found @SpringBootConfiguration com.cefet.godziny.GodzinyApplication for test class com.cefet.godziny.domain.casouso.curso.AtualizarCursoCasoUsoTest
[INFO] Tests run: 9, Failures: 0, Errors: 0, Skipped: 0, Time elapsed: 0.065 s -- in com.cefet.godziny.domain.casouso.curso.AtualizarCursoCasoUsoTest
[INFO] Running com.cefet.godziny.domain.casouso.curso.CriarCursoCasoUsoTest
2024-08-27T10:45:39.545-03:00  INFO 18460 --- [godziny] [           main] t.c.s.AnnotationConfigContextLoaderUtils : Could not detect default configuration classes for test class [com.cefet.godziny.domain.casouso.curso.CriarCursoCasoUsoTest]: CriarCursoCasoUsoTest does not declare any static, non-private, non-final, nested classes annotated with @Configuration.
2024-08-27T10:45:39.545-03:00  INFO 18460 --- [godziny] [           main] .b.t.c.SpringBootTestContextBootstrapper : Found @SpringBootConfiguration com.cefet.godziny.GodzinyApplication for test class com.cefet.godziny.domain.casouso.curso.CriarCursoCasoUsoTest
[INFO] Tests run: 9, Failures: 0, Errors: 0, Skipped: 0, Time elapsed: 0.052 s -- in com.cefet.godziny.domain.casouso.curso.CriarCursoCasoUsoTest
[INFO] Running com.cefet.godziny.domain.casouso.curso.RemoverCursoCasoUsoTest
2024-08-27T10:45:39.601-03:00  INFO 18460 --- [godziny] [           main] t.c.s.AnnotationConfigContextLoaderUtils : Could not detect default configuration classes for test class [com.cefet.godziny.domain.casouso.curso.RemoverCursoCasoUsoTest]: RemoverCursoCasoUsoTest does not declare any static, non-private, non-final, nested classes annotated with @Configuration.
2024-08-27T10:45:39.601-03:00  INFO 18460 --- [godziny] [           main] .b.t.c.SpringBootTestContextBootstrapper : Found @SpringBootConfiguration com.cefet.godziny.GodzinyApplication for test class com.cefet.godziny.domain.casouso.curso.RemoverCursoCasoUsoTest
[INFO] Tests run: 3, Failures: 0, Errors: 0, Skipped: 0, Time elapsed: 0.024 s -- in com.cefet.godziny.domain.casouso.curso.RemoverCursoCasoUsoTest
[INFO] Running com.cefet.godziny.domain.casouso.usuario.AtualizarUsuarioCasoUsoTest
2024-08-27T10:45:39.631-03:00  INFO 18460 --- [godziny] [           main] t.c.s.AnnotationConfigContextLoaderUtils : Could not detect default configuration classes for test class [com.cefet.godziny.domain.casouso.usuario.AtualizarUsuarioCasoUsoTest]: AtualizarUsuarioCasoUsoTest does not declare any static, non-private, non-final, nested classes annotated with @Configuration.
2024-08-27T10:45:39.661-03:00  INFO 18460 --- [godziny] [           main] .b.t.c.SpringBootTestContextBootstrapper : Found @SpringBootConfiguration com.cefet.godziny.GodzinyApplication for test class com.cefet.godziny.domain.casouso.usuario.AtualizarUsuarioCasoUsoTest
[INFO] Tests run: 12, Failures: 0, Errors: 0, Skipped: 0, Time elapsed: 0.112 s -- in com.cefet.godziny.domain.casouso.usuario.AtualizarUsuarioCasoUsoTest
[INFO] Running com.cefet.godziny.domain.casouso.usuario.CriarUsuarioCasoUsoTest
2024-08-27T10:45:39.737-03:00  INFO 18460 --- [godziny] [           main] t.c.s.AnnotationConfigContextLoaderUtils : Could not detect default configuration classes for test class [com.cefet.godziny.domain.casouso.usuario.CriarUsuarioCasoUsoTest]: CriarUsuarioCasoUsoTest does not declare any static, non-private, non-final, nested classes annotated with @Configuration.
2024-08-27T10:45:39.741-03:00  INFO 18460 --- [godziny] [           main] .b.t.c.SpringBootTestContextBootstrapper : Found @SpringBootConfiguration com.cefet.godziny.GodzinyApplication for test class com.cefet.godziny.domain.casouso.usuario.CriarUsuarioCasoUsoTest
[INFO] Tests run: 11, Failures: 0, Errors: 0, Skipped: 0, Time elapsed: 0.074 s -- in com.cefet.godziny.domain.casouso.usuario.CriarUsuarioCasoUsoTest
[INFO] Running com.cefet.godziny.domain.casouso.usuario.RemoverUsuarioCasoUsoTest
2024-08-27T10:45:39.815-03:00  INFO 18460 --- [godziny] [           main] t.c.s.AnnotationConfigContextLoaderUtils : Could not detect default configuration classes for test class [com.cefet.godziny.domain.casouso.usuario.RemoverUsuarioCasoUsoTest]: RemoverUsuarioCasoUsoTest does not declare any static, non-private, non-final, nested classes annotated with @Configuration.
2024-08-27T10:45:39.815-03:00  INFO 18460 --- [godziny] [           main] .b.t.c.SpringBootTestContextBootstrapper : Found @SpringBootConfiguration com.cefet.godziny.GodzinyApplication for test class com.cefet.godziny.domain.casouso.usuario.RemoverUsuarioCasoUsoTest
[INFO] Tests run: 2, Failures: 0, Errors: 0, Skipped: 0, Time elapsed: 0.069 s -- in com.cefet.godziny.domain.casouso.usuario.RemoverUsuarioCasoUsoTest
[INFO] Running com.cefet.godziny.GodzinyApplicationTests
2024-08-27T10:45:39.883-03:00  INFO 18460 --- [godziny] [           main] t.c.s.AnnotationConfigContextLoaderUtils : Could not detect default configuration classes for test class [com.cefet.godziny.GodzinyApplicationTests]: GodzinyApplicationTests does not declare any static, non-private, non-final, nested classes annotated with @Configuration.
2024-08-27T10:45:39.891-03:00  INFO 18460 --- [godziny] [           main] .b.t.c.SpringBootTestContextBootstrapper : Found @SpringBootConfiguration com.cefet.godziny.GodzinyApplication for test class com.cefet.godziny.GodzinyApplicationTests
2024-08-27T10:45:39.897-03:00  INFO 18460 --- [godziny] [           main] o.s.b.d.r.RestartApplicationListener     : Restart disabled due to context in which it is running

  .   ____          _            __ _ _
 /\\ / ___'_ __ _ _(_)_ __  __ _ \ \ \ \
( ( )\___ | '_ | '_| | '_ \/ _` | \ \ \ \
 \\/  ___)| |_)| | | | | || (_| |  ) ) ) )
  '  |____| .__|_| |_|_| |_\__, | / / / /
 =========|_|==============|___/=/_/_/_/
 :: Spring Boot ::                (v3.2.5)

2024-08-27T10:45:39.931-03:00  INFO 18460 --- [godziny] [           main] com.cefet.godziny.GodzinyApplication     : Starting GodzinyApplication using Java 17.0.11 with PID 18460 (started by mathe in C:\Users\mathe\OneDrive\Desktop\ESTUDOS\Engenharia de Software\godziny\Godziny_APP\app-godziny-backend\godziny)
2024-08-27T10:45:39.931-03:00  INFO 18460 --- [godziny] [           main] com.cefet.godziny.GodzinyApplication     : The following 1 profile is active: "test"
2024-08-27T10:45:40.237-03:00  INFO 18460 --- [godziny] [           main] .s.d.r.c.RepositoryConfigurationDelegate : Bootstrapping Spring Data JPA repositories in DEFAULT mode.
2024-08-27T10:45:40.274-03:00  INFO 18460 --- [godziny] [           main] .s.d.r.c.RepositoryConfigurationDelegate : Finished Spring Data repository scanning in 34 ms. Found 5 JPA repository interfaces.
2024-08-27T10:45:40.511-03:00  INFO 18460 --- [godziny] [           main] o.s.b.w.embedded.tomcat.TomcatWebServer  : Tomcat initialized with port 8080 (http)
2024-08-27T10:45:40.528-03:00  INFO 18460 --- [godziny] [           main] o.apache.catalina.core.StandardService   : Starting service [Tomcat]
2024-08-27T10:45:40.528-03:00  INFO 18460 --- [godziny] [           main] o.apache.catalina.core.StandardEngine    : Starting Servlet engine: [Apache Tomcat/10.1.20]
2024-08-27T10:45:40.611-03:00  INFO 18460 --- [godziny] [           main] o.a.c.c.C.[Tomcat].[localhost].[/]       : Initializing Spring embedded WebApplicationContext
2024-08-27T10:45:40.611-03:00  INFO 18460 --- [godziny] [           main] w.s.c.ServletWebServerApplicationContext : Root WebApplicationContext: initialization completed in 680 ms
2024-08-27T10:45:40.661-03:00  INFO 18460 --- [godziny] [           main] o.hibernate.jpa.internal.util.LogHelper  : HHH000204: Processing PersistenceUnitInfo [name: default]
2024-08-27T10:45:40.671-03:00  INFO 18460 --- [godziny] [           main] o.h.c.internal.RegionFactoryInitiator    : HHH000026: Second-level cache disabled
2024-08-27T10:45:40.671-03:00  INFO 18460 --- [godziny] [           main] o.s.o.j.p.SpringPersistenceUnitInfo      : No LoadTimeWeaver setup: ignoring JPA class transformer
2024-08-27T10:45:40.671-03:00  INFO 18460 --- [godziny] [           main] com.zaxxer.hikari.HikariDataSource       : HikariPool-3 - Starting...
2024-08-27T10:45:40.734-03:00  INFO 18460 --- [godziny] [           main] com.zaxxer.hikari.pool.HikariPool        : HikariPool-3 - Added connection org.postgresql.jdbc.PgConnection@41334af0
2024-08-27T10:45:40.734-03:00  INFO 18460 --- [godziny] [           main] com.zaxxer.hikari.HikariDataSource       : HikariPool-3 - Start completed.
2024-08-27T10:45:40.951-03:00  INFO 18460 --- [godziny] [           main] o.h.e.t.j.p.i.JtaPlatformInitiator       : HHH000489: No JTA platform available (set 'hibernate.transaction.jta.platform' to enable JTA platform integration)
2024-08-27T10:45:41.067-03:00  INFO 18460 --- [godziny] [           main] j.LocalContainerEntityManagerFactoryBean : Initialized JPA EntityManagerFactory for persistence unit 'default'
2024-08-27T10:45:41.501-03:00  INFO 18460 --- [godziny] [           main] o.s.s.web.DefaultSecurityFilterChain     : Will secure any request with [org.springframework.security.web.session.DisableEncodeUrlFilter@6f75d11b, org.springframework.security.web.context.request.async.WebAsyncManagerIntegrationFilter@10faf070, org.springframework.security.web.context.SecurityContextHolderFilter@69e7241, org.springframework.security.web.header.HeaderWriterFilter@1ae73d9e, org.springframework.web.filter.CorsFilter@4b493d75, org.springframework.security.web.authentication.logout.LogoutFilter@4bd694d9, com.cefet.godziny.infraestrutura.authentication.JwtAuthenticationFilter@1f40bb82, org.springframework.security.web.savedrequest.RequestCacheAwareFilter@1bc4b731, org.springframework.security.web.servletapi.SecurityContextHolderAwareRequestFilter@38ec721a, org.springframework.security.web.authentication.AnonymousAuthenticationFilter@7538cc8c, org.springframework.security.web.session.SessionManagementFilter@51aafde5, org.springframework.security.web.access.ExceptionTranslationFilter@9129ab1, org.springframework.security.web.access.intercept.AuthorizationFilter@2eb20fa7]
2024-08-27T10:45:41.641-03:00  INFO 18460 --- [godziny] [           main] o.s.b.w.embedded.tomcat.TomcatWebServer  : Tomcat started on port 8080 (http) with context path ''
2024-08-27T10:45:41.651-03:00  INFO 18460 --- [godziny] [           main] com.cefet.godziny.GodzinyApplication     : Started GodzinyApplication in 1.754 seconds (process running for 13.018)
[INFO] Tests run: 1, Failures: 0, Errors: 0, Skipped: 0, Time elapsed: 1.773 s -- in com.cefet.godziny.GodzinyApplicationTests
[INFO] Running com.cefet.godziny.infraestrutura.authentication.JwtAuthenticationFilterTest
[INFO] Tests run: 7, Failures: 0, Errors: 0, Skipped: 0, Time elapsed: 0.125 s -- in com.cefet.godziny.infraestrutura.authentication.JwtAuthenticationFilterTest
[INFO] Running com.cefet.godziny.infraestrutura.authentication.JwtServiceTest
[INFO] Tests run: 5, Failures: 0, Errors: 0, Skipped: 0, Time elapsed: 0.201 s -- in com.cefet.godziny.infraestrutura.authentication.JwtServiceTest
[INFO] Running com.cefet.godziny.infraestrutura.exceptions.RestExceptionsHandlerTest
2024-08-27T10:45:41.985-03:00  INFO 18460 --- [godziny] [           main] t.c.s.AnnotationConfigContextLoaderUtils : Could not detect default configuration classes for test class [com.cefet.godziny.infraestrutura.exceptions.RestExceptionsHandlerTest]: RestExceptionsHandlerTest does not declare any static, non-private, non-final, nested classes annotated with @Configuration.
2024-08-27T10:45:42.006-03:00  INFO 18460 --- [godziny] [           main] .b.t.c.SpringBootTestContextBootstrapper : Found @SpringBootConfiguration com.cefet.godziny.GodzinyApplication for test class com.cefet.godziny.infraestrutura.exceptions.RestExceptionsHandlerTest
[INFO] Tests run: 23, Failures: 0, Errors: 0, Skipped: 0, Time elapsed: 0.100 s -- in com.cefet.godziny.infraestrutura.exceptions.RestExceptionsHandlerTest
[INFO] Running com.cefet.godziny.infraestrutura.persistencia.atividade.arquivo.ArquivoRepositorioJpaTest
2024-08-27T10:45:42.088-03:00  INFO 18460 --- [godziny] [           main] t.c.s.AnnotationConfigContextLoaderUtils : Could not detect default configuration classes for test class [com.cefet.godziny.infraestrutura.persistencia.atividade.arquivo.ArquivoRepositorioJpaTest]: ArquivoRepositorioJpaTest does not declare any static, non-private, non-final, nested classes annotated with @Configuration.
2024-08-27T10:45:42.133-03:00  INFO 18460 --- [godziny] [           main] .b.t.c.SpringBootTestContextBootstrapper : Found @SpringBootConfiguration com.cefet.godziny.GodzinyApplication for test class com.cefet.godziny.infraestrutura.persistencia.atividade.arquivo.ArquivoRepositorioJpaTest
[INFO] Tests run: 5, Failures: 0, Errors: 0, Skipped: 0, Time elapsed: 0.124 s -- in com.cefet.godziny.infraestrutura.persistencia.atividade.arquivo.ArquivoRepositorioJpaTest
[INFO] Running com.cefet.godziny.infraestrutura.persistencia.atividade.AtividadeRepositorioJpaTest
2024-08-27T10:45:42.211-03:00  INFO 18460 --- [godziny] [           main] t.c.s.AnnotationConfigContextLoaderUtils : Could not detect default configuration classes for test class [com.cefet.godziny.infraestrutura.persistencia.atividade.AtividadeRepositorioJpaTest]: AtividadeRepositorioJpaTest does not declare any static, non-private, non-final, nested classes annotated with @Configuration.
2024-08-27T10:45:42.247-03:00  INFO 18460 --- [godziny] [           main] .b.t.c.SpringBootTestContextBootstrapper : Found @SpringBootConfiguration com.cefet.godziny.GodzinyApplication for test class com.cefet.godziny.infraestrutura.persistencia.atividade.AtividadeRepositorioJpaTest
[INFO] Tests run: 14, Failures: 0, Errors: 0, Skipped: 0, Time elapsed: 0.345 s -- in com.cefet.godziny.infraestrutura.persistencia.atividade.AtividadeRepositorioJpaTest
[INFO] Running com.cefet.godziny.infraestrutura.persistencia.auth.AuthRepositorioJpaTest
2024-08-27T10:45:42.563-03:00  INFO 18460 --- [godziny] [           main] t.c.s.AnnotationConfigContextLoaderUtils : Could not detect default configuration classes for test class [com.cefet.godziny.infraestrutura.persistencia.auth.AuthRepositorioJpaTest]: AuthRepositorioJpaTest does not declare any static, non-private, non-final, nested classes annotated with @Configuration.
2024-08-27T10:45:42.582-03:00  INFO 18460 --- [godziny] [           main] .b.t.c.SpringBootTestContextBootstrapper : Found @SpringBootConfiguration com.cefet.godziny.GodzinyApplication for test class com.cefet.godziny.infraestrutura.persistencia.auth.AuthRepositorioJpaTest
[INFO] Tests run: 2, Failures: 0, Errors: 0, Skipped: 0, Time elapsed: 0.082 s -- in com.cefet.godziny.infraestrutura.persistencia.auth.AuthRepositorioJpaTest
[INFO] Running com.cefet.godziny.infraestrutura.persistencia.categoria.CategoriaRepositorioJpaTest
2024-08-27T10:45:42.646-03:00  INFO 18460 --- [godziny] [           main] t.c.s.AnnotationConfigContextLoaderUtils : Could not detect default configuration classes for test class [com.cefet.godziny.infraestrutura.persistencia.categoria.CategoriaRepositorioJpaTest]: CategoriaRepositorioJpaTest does not declare any static, non-private, non-final, nested classes annotated with @Configuration.
2024-08-27T10:45:42.662-03:00  INFO 18460 --- [godziny] [           main] .b.t.c.SpringBootTestContextBootstrapper : Found @SpringBootConfiguration com.cefet.godziny.GodzinyApplication for test class com.cefet.godziny.infraestrutura.persistencia.categoria.CategoriaRepositorioJpaTest
[INFO] Tests run: 10, Failures: 0, Errors: 0, Skipped: 0, Time elapsed: 0.065 s -- in com.cefet.godziny.infraestrutura.persistencia.categoria.CategoriaRepositorioJpaTest
[INFO] Running com.cefet.godziny.infraestrutura.persistencia.curso.CursoRepositorioJpaTest
2024-08-27T10:45:42.720-03:00  INFO 18460 --- [godziny] [           main] t.c.s.AnnotationConfigContextLoaderUtils : Could not detect default configuration classes for test class [com.cefet.godziny.infraestrutura.persistencia.curso.CursoRepositorioJpaTest]: CursoRepositorioJpaTest does not declare any static, non-private, non-final, nested classes annotated with @Configuration.
2024-08-27T10:45:42.746-03:00  INFO 18460 --- [godziny] [           main] .b.t.c.SpringBootTestContextBootstrapper : Found @SpringBootConfiguration com.cefet.godziny.GodzinyApplication for test class com.cefet.godziny.infraestrutura.persistencia.curso.CursoRepositorioJpaTest
[INFO] Tests run: 12, Failures: 0, Errors: 0, Skipped: 0, Time elapsed: 0.143 s -- in com.cefet.godziny.infraestrutura.persistencia.curso.CursoRepositorioJpaTest
[INFO] Running com.cefet.godziny.infraestrutura.persistencia.usuario.UsuarioEntidadeTest
2024-08-27T10:45:42.871-03:00  INFO 18460 --- [godziny] [           main] t.c.s.AnnotationConfigContextLoaderUtils : Could not detect default configuration classes for test class [com.cefet.godziny.infraestrutura.persistencia.usuario.UsuarioEntidadeTest]: UsuarioEntidadeTest does not declare any static, non-private, non-final, nested classes annotated with @Configuration.
2024-08-27T10:45:42.893-03:00  INFO 18460 --- [godziny] [           main] .b.t.c.SpringBootTestContextBootstrapper : Found @SpringBootConfiguration com.cefet.godziny.GodzinyApplication for test class com.cefet.godziny.infraestrutura.persistencia.usuario.UsuarioEntidadeTest
[INFO] Tests run: 7, Failures: 0, Errors: 0, Skipped: 0, Time elapsed: 0.050 s -- in com.cefet.godziny.infraestrutura.persistencia.usuario.UsuarioEntidadeTest
[INFO] Running com.cefet.godziny.infraestrutura.persistencia.usuario.UsuarioRepositorioJpaTest
2024-08-27T10:45:42.925-03:00  INFO 18460 --- [godziny] [           main] t.c.s.AnnotationConfigContextLoaderUtils : Could not detect default configuration classes for test class [com.cefet.godziny.infraestrutura.persistencia.usuario.UsuarioRepositorioJpaTest]: UsuarioRepositorioJpaTest does not declare any static, non-private, non-final, nested classes annotated with @Configuration.
2024-08-27T10:45:42.927-03:00  INFO 18460 --- [godziny] [           main] .b.t.c.SpringBootTestContextBootstrapper : Found @SpringBootConfiguration com.cefet.godziny.GodzinyApplication for test class com.cefet.godziny.infraestrutura.persistencia.usuario.UsuarioRepositorioJpaTest
[INFO] Tests run: 12, Failures: 0, Errors: 0, Skipped: 0, Time elapsed: 0.073 s -- in com.cefet.godziny.infraestrutura.persistencia.usuario.UsuarioRepositorioJpaTest
[INFO] Running com.cefet.godziny.infraestrutura.rest.atividade.arquivo.ArquivoControleTest
2024-08-27T10:45:42.997-03:00  INFO 18460 --- [godziny] [           main] t.c.s.AnnotationConfigContextLoaderUtils : Could not detect default configuration classes for test class [com.cefet.godziny.infraestrutura.rest.atividade.arquivo.ArquivoControleTest]: ArquivoControleTest does not declare any static, non-private, non-final, nested classes annotated with @Configuration.
2024-08-27T10:45:43.021-03:00  INFO 18460 --- [godziny] [           main] .b.t.c.SpringBootTestContextBootstrapper : Found @SpringBootConfiguration com.cefet.godziny.GodzinyApplication for test class com.cefet.godziny.infraestrutura.rest.atividade.arquivo.ArquivoControleTest
[INFO] Tests run: 1, Failures: 0, Errors: 0, Skipped: 0, Time elapsed: 0.034 s -- in com.cefet.godziny.infraestrutura.rest.atividade.arquivo.ArquivoControleTest
[INFO] Running com.cefet.godziny.infraestrutura.rest.atividade.AtividadeControleTest
2024-08-27T10:45:43.035-03:00  INFO 18460 --- [godziny] [           main] t.c.s.AnnotationConfigContextLoaderUtils : Could not detect default configuration classes for test class [com.cefet.godziny.infraestrutura.rest.atividade.AtividadeControleTest]: AtividadeControleTest does not declare any static, non-private, non-final, nested classes annotated with @Configuration.
2024-08-27T10:45:43.061-03:00  INFO 18460 --- [godziny] [           main] .b.t.c.SpringBootTestContextBootstrapper : Found @SpringBootConfiguration com.cefet.godziny.GodzinyApplication for test class com.cefet.godziny.infraestrutura.rest.atividade.AtividadeControleTest
[INFO] Tests run: 4, Failures: 0, Errors: 0, Skipped: 0, Time elapsed: 0.063 s -- in com.cefet.godziny.infraestrutura.rest.atividade.AtividadeControleTest
[INFO] Running com.cefet.godziny.infraestrutura.rest.auth.AuthControleTest
2024-08-27T10:45:43.102-03:00  INFO 18460 --- [godziny] [           main] t.c.s.AnnotationConfigContextLoaderUtils : Could not detect default configuration classes for test class [com.cefet.godziny.infraestrutura.rest.auth.AuthControleTest]: AuthControleTest does not declare any static, non-private, non-final, nested classes annotated with @Configuration.
2024-08-27T10:45:43.126-03:00  INFO 18460 --- [godziny] [           main] .b.t.c.SpringBootTestContextBootstrapper : Found @SpringBootConfiguration com.cefet.godziny.GodzinyApplication for test class com.cefet.godziny.infraestrutura.rest.auth.AuthControleTest
[INFO] Tests run: 1, Failures: 0, Errors: 0, Skipped: 0, Time elapsed: 0.059 s -- in com.cefet.godziny.infraestrutura.rest.auth.AuthControleTest
[INFO] Running com.cefet.godziny.infraestrutura.rest.categoria.CategoriaControleTest
2024-08-27T10:45:43.161-03:00  INFO 18460 --- [godziny] [           main] t.c.s.AnnotationConfigContextLoaderUtils : Could not detect default configuration classes for test class [com.cefet.godziny.infraestrutura.rest.categoria.CategoriaControleTest]: CategoriaControleTest does not declare any static, non-private, non-final, nested classes annotated with @Configuration.
2024-08-27T10:45:43.182-03:00  INFO 18460 --- [godziny] [           main] .b.t.c.SpringBootTestContextBootstrapper : Found @SpringBootConfiguration com.cefet.godziny.GodzinyApplication for test class com.cefet.godziny.infraestrutura.rest.categoria.CategoriaControleTest
[INFO] Tests run: 4, Failures: 0, Errors: 0, Skipped: 0, Time elapsed: 0.040 s -- in com.cefet.godziny.infraestrutura.rest.categoria.CategoriaControleTest
[INFO] Running com.cefet.godziny.infraestrutura.rest.curso.CursoControleTest
2024-08-27T10:45:43.211-03:00  INFO 18460 --- [godziny] [           main] t.c.s.AnnotationConfigContextLoaderUtils : Could not detect default configuration classes for test class [com.cefet.godziny.infraestrutura.rest.curso.CursoControleTest]: CursoControleTest does not declare any static, non-private, non-final, nested classes annotated with @Configuration.
2024-08-27T10:45:43.231-03:00  INFO 18460 --- [godziny] [           main] .b.t.c.SpringBootTestContextBootstrapper : Found @SpringBootConfiguration com.cefet.godziny.GodzinyApplication for test class com.cefet.godziny.infraestrutura.rest.curso.CursoControleTest
[INFO] Tests run: 4, Failures: 0, Errors: 0, Skipped: 0, Time elapsed: 0.055 s -- in com.cefet.godziny.infraestrutura.rest.curso.CursoControleTest
[INFO] Running com.cefet.godziny.infraestrutura.rest.usuario.UsuarioControleTest
2024-08-27T10:45:43.272-03:00  INFO 18460 --- [godziny] [           main] t.c.s.AnnotationConfigContextLoaderUtils : Could not detect default configuration classes for test class [com.cefet.godziny.infraestrutura.rest.usuario.UsuarioControleTest]: UsuarioControleTest does not declare any static, non-private, non-final, nested classes annotated with @Configuration.
2024-08-27T10:45:43.297-03:00  INFO 18460 --- [godziny] [           main] .b.t.c.SpringBootTestContextBootstrapper : Found @SpringBootConfiguration com.cefet.godziny.GodzinyApplication for test class com.cefet.godziny.infraestrutura.rest.usuario.UsuarioControleTest
[INFO] Tests run: 5, Failures: 0, Errors: 0, Skipped: 0, Time elapsed: 0.073 s -- in com.cefet.godziny.infraestrutura.rest.usuario.UsuarioControleTest
[INFO] 
[INFO] Results:
[INFO] 
[INFO] Tests run: 211, Failures: 0, Errors: 0, Skipped: 0
[INFO] 
[INFO] 
[INFO] --- jar:3.3.0:jar (default-jar) @ godziny ---
[INFO] Building jar: C:\Users\mathe\OneDrive\Desktop\ESTUDOS\Engenharia de Software\godziny\Godziny_APP\app-godziny-backend\godziny\target\godziny-0.0.1-SNAPSHOT.jar
[INFO] 
[INFO] --- spring-boot:3.2.5:repackage (repackage) @ godziny ---
[INFO] Replacing main artifact C:\Users\mathe\OneDrive\Desktop\ESTUDOS\Engenharia de Software\godziny\Godziny_APP\app-godziny-backend\godziny\target\godziny-0.0.1-SNAPSHOT.jar with repackaged archive, adding nested dependencies in BOOT-INF/.
[INFO] The original artifact has been renamed to C:\Users\mathe\OneDrive\Desktop\ESTUDOS\Engenharia de Software\godziny\Godziny_APP\app-godziny-backend\godziny\target\godziny-0.0.1-SNAPSHOT.jar.original
[INFO] ------------------------------------------------------------------------
[INFO] BUILD SUCCESS
[INFO] ------------------------------------------------------------------------
[INFO] Total time:  23.970 s
[INFO] Finished at: 2024-08-27T10:45:44-03:00
[INFO] ------------------------------------------------------------------------
